<?xml version="1.0" encoding="UTF-8"?>
<testsuite name="JavaBuzzTest" tests="4" skipped="0" failures="0" errors="0" timestamp="2019-09-05T20:21:14" hostname="Makerss-MacBook-Pro-2.local" time="0.007">
  <properties/>
  <testcase name="returnsBuzz" classname="JavaBuzzTest" time="0.002"/>
  <testcase name="returnsJava" classname="JavaBuzzTest" time="0.001"/>
  <testcase name="returnsSelf" classname="JavaBuzzTest" time="0.001"/>
  <testcase name="returnsJavaBuzz" classname="JavaBuzzTest" time="0.002"/>
  <system-out><![CDATA[]]></system-out>
  <system-err><![CDATA[]]></system-err>
</testsuite>
